<?xml version="1.0" encoding="UTF-8"?>
<!-- Generated by org.testng.reporters.JUnitReportReporter -->
<testsuite skipped="0" hostname="superadmins-MacBook-Pro-41.local" name="TC001_GET_REQUEST" tests="1" failures="0" timestamp="2020-04-10T08:57:45 IST" time="2.677" errors="0">
  <testcase name="getweatherdetails" time="2.677" classname="TC001_GET_REQUEST"/>
  <system-out/>
</testsuite> <!-- TC001_GET_REQUEST -->
