<?xml version="1.0" encoding="UTF-8"?>
<!-- Generated by org.testng.reporters.JUnitReportReporter -->
<testsuite skipped="0" hostname="superadmins-MacBook-Pro-41.local" name="TC005_GET_VALIDATE_JSON_RESPONSE" tests="1" failures="0" timestamp="2020-04-10T17:24:59 IST" time="2.843" errors="0">
  <testcase name="googlemaptest" time="2.843" classname="TC005_GET_VALIDATE_JSON_RESPONSE"/>
  <system-out/>
</testsuite> <!-- TC005_GET_VALIDATE_JSON_RESPONSE -->
