<?xml version="1.0" encoding="UTF-8"?>
<!-- Generated by org.testng.reporters.JUnitReportReporter -->
<testsuite skipped="0" hostname="superadmins-MacBook-Pro-41.local" name="TC002_POST_REQUEST" tests="1" failures="0" timestamp="2020-04-10T10:50:38 IST" time="3.121" errors="0">
  <testcase name="RegistrationSuccessfulls" time="3.121" classname="TC002_POST_REQUEST"/>
  <system-out/>
</testsuite> <!-- TC002_POST_REQUEST -->
