<?xml version="1.0" encoding="UTF-8"?>
<!-- Generated by org.testng.reporters.JUnitReportReporter -->
<testsuite skipped="0" hostname="superadmins-MacBook-Pro-41.local" name="TC0006_GET_REQUEST_VALIDATE_ALL_THE_RESPONSE" tests="1" failures="0" timestamp="2020-04-10T19:38:16 IST" time="2.928" errors="0">
  <testcase name="googlemaptest" time="2.928" classname="TC0006_GET_REQUEST_VALIDATE_ALL_THE_RESPONSE"/>
  <system-out/>
</testsuite> <!-- TC0006_GET_REQUEST_VALIDATE_ALL_THE_RESPONSE -->
