<?xml version="1.0" encoding="UTF-8"?>
<!-- Generated by org.testng.reporters.JUnitReportReporter -->
<testsuite skipped="0" hostname="superadmins-MacBook-Pro-41.local" name="TC003_GET_REQUEST" tests="1" failures="0" timestamp="2020-04-10T11:58:55 IST" time="8.369" errors="0">
  <testcase name="googlemaptest" time="8.369" classname="TC003_GET_REQUEST"/>
  <system-out/>
</testsuite> <!-- TC003_GET_REQUEST -->
