<?xml version="1.0" encoding="UTF-8"?>
<!-- Generated by org.testng.reporters.JUnitReportReporter -->
<testsuite skipped="0" hostname="superadmins-MacBook-Pro-41.local" name="TC007_GET_REQUEST_AUTHROZITION" tests="1" failures="0" timestamp="2020-04-10T20:09:49 IST" time="7.348" errors="0">
  <testcase name="Authorization" time="7.348" classname="TC007_GET_REQUEST_AUTHROZITION"/>
  <system-out/>
</testsuite> <!-- TC007_GET_REQUEST_AUTHROZITION -->
