<?xml version="1.0" encoding="UTF-8"?>
<!-- Generated by org.testng.reporters.JUnitReportReporter -->
<testsuite skipped="0" hostname="superadmins-MacBook-Pro-41.local" name="TC004_GET_REQUEST_PRINT_HEADER" tests="1" failures="0" timestamp="2020-04-10T17:05:51 IST" time="8.504" errors="0">
  <testcase name="googlemaptest" time="8.504" classname="TC004_GET_REQUEST_PRINT_HEADER"/>
  <system-out/>
</testsuite> <!-- TC004_GET_REQUEST_PRINT_HEADER -->
